mode: set
checkers/board.go:29.32,30.21 1 1
checkers/board.go:30.21,32.3 1 1
checkers/board.go:32.8,34.3 1 1
checkers/board.go:37.33,38.21 1 1
checkers/board.go:38.21,40.3 1 1
checkers/board.go:41.2,41.19 1 1
checkers/board.go:44.31,45.19 1 1
checkers/board.go:45.19,47.3 1 1
checkers/board.go:47.8,49.3 1 1
checkers/board.go:58.40,59.21 1 1
checkers/board.go:59.21,60.20 1 1
checkers/board.go:60.20,62.4 1 1
checkers/board.go:63.3,63.13 1 1
checkers/board.go:66.2,66.19 1 1
checkers/board.go:66.19,68.3 1 1
checkers/board.go:70.2,70.12 1 1
checkers/board.go:73.33,77.37 3 1
checkers/board.go:77.37,79.3 1 1
checkers/board.go:80.2,83.37 2 1
checkers/board.go:83.37,86.38 3 1
checkers/board.go:86.38,87.30 1 1
checkers/board.go:87.30,89.5 1 1
checkers/board.go:89.10,89.48 1 1
checkers/board.go:89.48,91.5 1 1
checkers/board.go:91.10,93.5 1 1
checkers/board.go:95.3,95.33 1 1
checkers/board.go:98.2,100.37 3 1
checkers/board.go:100.37,102.3 1 1
checkers/board.go:103.2,106.21 3 1
checkers/board.go:109.37,110.22 1 1
checkers/board.go:110.22,112.3 1 1
checkers/board.go:112.8,114.3 1 1
checkers/board.go:117.35,118.38 1 1
checkers/board.go:118.38,119.38 1 1
checkers/board.go:119.38,120.41 1 1
checkers/board.go:120.41,122.5 1 1
checkers/board.go:125.2,125.38 1 1
checkers/board.go:125.38,126.38 1 1
checkers/board.go:126.38,127.41 1 1
checkers/board.go:127.41,129.5 1 1
checkers/board.go:134.38,136.2 1 1
checkers/board.go:138.53,143.21 3 1
checkers/board.go:143.21,145.3 1 1
checkers/board.go:145.8,147.3 1 1
checkers/board.go:149.2,149.19 1 1
checkers/board.go:149.19,151.3 1 1
checkers/board.go:151.8,153.3 1 1
checkers/board.go:156.51,160.2 3 1
checkers/board.go:162.38,165.2 2 1
checkers/board.go:167.40,170.2 2 1
checkers/board.go:172.48,175.2 2 1
checkers/board.go:177.54,183.2 5 1
checkers/board.go:185.31,191.2 5 1
checkers/board.go:200.41,203.37 2 1
checkers/board.go:203.37,204.38 1 1
checkers/board.go:204.38,205.31 1 1
checkers/board.go:205.31,206.13 1 1
checkers/board.go:209.4,210.27 2 1
checkers/board.go:210.27,211.25 1 1
checkers/board.go:211.25,213.6 1 1
checkers/board.go:213.11,215.6 1 1
checkers/board.go:216.10,217.25 1 1
checkers/board.go:217.25,219.6 1 1
checkers/board.go:219.11,221.6 1 1
checkers/board.go:226.2,226.10 1 1
checkers/board.go:229.39,230.26 1 1
checkers/board.go:230.26,232.3 1 0
checkers/board.go:233.2,233.26 1 1
checkers/board.go:233.26,235.3 1 0
checkers/board.go:236.2,236.37 1 1
checkers/board.go:236.37,237.38 1 1
checkers/board.go:237.38,238.56 1 1
checkers/board.go:238.56,240.5 1 0
checkers/board.go:241.4,241.30 1 1
checkers/board.go:241.30,244.29 3 1
checkers/board.go:244.29,246.6 1 0
checkers/board.go:250.2,250.13 1 1
checkers/board.go:253.35,258.32 3 1
checkers/board.go:258.32,260.17 2 1
checkers/board.go:260.17,262.4 1 1
checkers/board.go:265.2,269.20 3 1
checkers/board.go:269.20,271.3 1 1
checkers/board.go:273.2,273.36 1 1
checkers/board.go:273.36,278.29 3 1
checkers/board.go:278.29,279.16 1 1
checkers/board.go:279.16,280.10 1 1
checkers/board.go:283.4,283.19 1 1
checkers/board.go:283.19,285.5 1 1
checkers/board.go:285.10,285.26 1 1
checkers/board.go:285.26,287.5 1 1
checkers/board.go:287.10,287.26 1 1
checkers/board.go:287.26,289.5 1 1
checkers/board.go:289.10,289.26 1 1
checkers/board.go:289.26,291.5 1 1
checkers/board.go:293.4,293.9 1 1
checkers/board.go:297.2,297.10 1 1
checkers/cli_play.go:10.13,19.12 4 0
checkers/cli_play.go:19.12,22.17 2 0
checkers/cli_play.go:22.17,23.22 1 0
checkers/cli_play.go:23.22,25.5 1 0
checkers/cli_play.go:25.10,27.5 1 0
checkers/cli_play.go:30.3,30.29 1 0
checkers/cli_play.go:30.29,32.4 1 0
checkers/cli_play.go:33.3,33.25 1 0
checkers/cli_play.go:33.25,35.4 1 0
checkers/cli_play.go:36.3,40.2 3 0
checkers/cli_play.go:41.3,42.20 2 0
checkers/cli_play.go:42.20,43.9 1 0
checkers/cli_play.go:45.3,45.37 1 0
checkers/cli_play.go:45.37,47.9 2 0
checkers/cli_play.go:50.3,51.18 2 0
checkers/cli_play.go:51.18,53.4 1 0
checkers/cli_play.go:53.9,53.25 1 0
checkers/cli_play.go:53.25,55.4 1 0
checkers/cli_play.go:55.9,57.18 2 0
checkers/cli_play.go:57.18,59.20 2 0
checkers/cli_play.go:61.4,61.34 1 0
checkers/cli_play.go:61.34,63.20 2 0
checkers/cli_play.go:65.4,65.23 1 0
checkers/compare_board_repr.go:27.39,29.2 1 0
checkers/compare_board_repr.go:31.54,33.2 1 0
checkers/compare_board_repr.go:35.44,37.2 1 0
checkers/compare_board_repr.go:39.59,41.2 1 0
checkers/compare_board_repr.go:43.56,46.2 2 0
checkers/generate.go:29.30,31.2 1 1
checkers/generate.go:42.84,44.15 2 1
checkers/generate.go:44.15,46.3 1 1
checkers/generate.go:47.2,48.30 2 1
checkers/generate.go:48.30,50.44 2 1
checkers/generate.go:50.44,51.12 1 1
checkers/generate.go:53.3,55.12 3 1
checkers/generate.go:55.12,57.4 1 1
checkers/generate.go:58.3,58.27 1 1
checkers/generate.go:60.2,60.11 1 1
checkers/generate.go:63.84,64.31 1 1
checkers/generate.go:64.31,65.32 1 1
checkers/generate.go:65.32,67.8 2 1
checkers/generate.go:67.8,69.59 2 1
checkers/generate.go:69.59,70.11 1 1
checkers/generate.go:73.5,76.11 3 1
checkers/generate.go:81.2,81.11 1 1
checkers/generate.go:84.66,85.37 1 1
checkers/generate.go:85.37,86.38 1 1
checkers/generate.go:86.38,87.31 1 1
checkers/generate.go:87.31,88.13 1 1
checkers/generate.go:91.4,92.23 2 1
checkers/generate.go:92.23,93.13 1 1
checkers/generate.go:96.4,96.24 1 1
checkers/generate.go:96.24,98.5 1 1
checkers/generate.go:98.10,100.5 1 1
checkers/generate.go:104.2,104.11 1 1
checkers/generate.go:112.100,116.31 2 1
checkers/generate.go:116.31,117.32 1 1
checkers/generate.go:117.32,119.58 2 1
checkers/generate.go:119.58,120.13 1 1
checkers/generate.go:122.4,123.33 2 1
checkers/generate.go:123.33,124.13 1 1
checkers/generate.go:126.4,127.23 2 1
checkers/generate.go:127.23,128.13 1 1
checkers/generate.go:131.4,144.32 9 1
checkers/generate.go:156.2,156.26 1 1
checkers/generate.go:156.26,159.12 3 1
checkers/generate.go:159.12,161.4 1 1
checkers/generate.go:162.3,164.12 3 1
checkers/generate.go:164.12,166.4 1 1
checkers/generate.go:167.3,167.27 1 1
checkers/generate.go:169.2,169.11 1 1
checkers/generate.go:172.101,175.31 2 1
checkers/generate.go:175.31,176.32 1 1
checkers/generate.go:176.32,186.8 6 1
checkers/generate.go:186.8,192.31 2 1
checkers/generate.go:192.31,193.11 1 1
checkers/generate.go:196.5,196.33 1 1
checkers/generate.go:196.33,197.21 1 1
checkers/generate.go:197.21,198.12 1 1
checkers/generate.go:200.6,201.26 2 1
checkers/generate.go:201.26,206.7 3 1
checkers/generate.go:207.11,207.27 1 1
checkers/generate.go:207.27,223.6 9 1
checkers/generate.go:225.5,225.11 1 1
checkers/generate.go:232.2,232.26 1 1
checkers/generate.go:232.26,236.3 3 1
checkers/generate.go:238.2,238.11 1 1
checkers/generate.go:241.67,242.37 1 1
checkers/generate.go:242.37,243.38 1 1
checkers/generate.go:243.38,244.31 1 1
checkers/generate.go:244.31,245.13 1 1
checkers/generate.go:248.4,249.23 2 1
checkers/generate.go:249.23,250.13 1 1
checkers/generate.go:253.4,253.24 1 1
checkers/generate.go:253.24,255.5 1 1
checkers/generate.go:255.10,257.5 1 1
checkers/generate.go:260.2,260.11 1 1
checkers/generate.go:263.94,270.60 4 1
checkers/generate.go:270.60,278.3 1 1
checkers/generate.go:280.2,280.34 1 1
checkers/generate.go:280.34,283.24 3 1
checkers/generate.go:283.24,285.24 2 1
checkers/generate.go:285.24,286.34 1 1
checkers/generate.go:286.34,288.6 1 1
checkers/generate.go:290.4,291.35 2 1
checkers/generate.go:291.35,293.5 1 1
checkers/generate.go:296.3,297.24 2 1
checkers/generate.go:297.24,298.46 1 1
checkers/generate.go:298.46,300.5 1 1
checkers/generate.go:302.3,302.12 1 1
checkers/generate.go:305.2,305.11 1 1
checkers/instruction.go:17.42,18.11 1 1
checkers/instruction.go:19.23,20.16 1 1
checkers/instruction.go:21.26,22.19 1 1
checkers/instruction.go:23.24,24.17 1 1
checkers/instruction.go:25.10,26.19 1 0
checkers/instruction.go:44.38,47.28 3 1
checkers/instruction.go:47.28,49.3 1 1
checkers/instruction.go:49.8,49.38 1 1
checkers/instruction.go:49.38,51.3 1 1
checkers/instruction.go:52.2,53.21 2 1
checkers/instruction.go:56.52,58.23 2 1
checkers/instruction.go:58.23,60.3 1 1
checkers/instruction.go:61.2,61.30 1 1
checkers/instruction.go:64.97,70.2 5 1
checkers/instruction.go:72.73,78.2 5 1
checkers/instruction.go:80.54,85.2 4 1
checkers/instruction.go:87.54,88.23 1 1
checkers/instruction.go:88.23,89.14 1 1
checkers/instruction.go:90.24,93.42 3 1
checkers/instruction.go:94.27,101.66 4 1
checkers/instruction.go:101.66,107.7 1 0
checkers/instruction.go:109.4,109.21 1 1
checkers/instruction.go:110.25,111.25 1 1
checkers/instruction.go:112.11,113.58 1 0
checkers/instruction.go:121.51,122.36 1 1
checkers/instruction.go:122.36,124.14 2 1
checkers/instruction.go:125.24,128.42 3 1
checkers/instruction.go:129.27,132.48 3 1
checkers/instruction.go:133.25,134.27 1 1
checkers/instruction.go:135.11,136.58 1 0
checkers/main.go:3.13,5.2 1 0
checkers/random.go:7.18,9.2 1 0
checkers/random.go:11.22,13.2 1 0
checkers/random.go:15.20,17.2 1 0
checkers/random.go:19.37,21.12 2 0
checkers/random.go:21.12,23.3 1 0
checkers/random.go:23.8,23.39 1 0
checkers/random.go:23.39,25.3 1 0
checkers/random.go:25.8,30.25 2 0
checkers/random.go:30.25,33.27 2 0
checkers/random.go:33.27,35.5 1 0
checkers/random.go:35.10,37.5 1 0
checkers/random.go:39.4,39.24 1 0
checkers/random.go:39.24,41.5 1 0
checkers/random.go:41.10,43.5 1 0
checkers/random.go:45.4,45.28 1 0
checkers/random.go:50.46,51.12 1 0
checkers/random.go:51.12,54.3 2 0
checkers/state.go:12.36,13.11 1 0
checkers/state.go:14.20,15.19 1 0
checkers/state.go:16.21,17.21 1 0
checkers/state.go:18.21,19.21 1 0
checkers/state.go:20.17,21.16 1 0
checkers/state.go:22.10,23.29 1 0
checkers/state.go:50.138,53.25 2 1
checkers/state.go:53.25,56.3 2 1
checkers/state.go:56.8,58.3 1 1
checkers/state.go:60.2,74.11 10 1
checkers/state.go:78.64,80.2 1 1
checkers/state.go:82.30,84.2 1 1
checkers/state.go:86.33,88.2 1 0
checkers/state.go:90.31,91.30 1 0
checkers/state.go:91.30,93.3 1 0
checkers/state.go:94.2,94.19 1 0
checkers/state.go:97.29,112.16 6 1
checkers/state.go:112.16,114.3 1 1
checkers/state.go:116.2,119.24 3 1
checkers/state.go:119.24,120.34 1 1
checkers/state.go:120.34,122.4 1 1
checkers/state.go:123.3,123.31 1 1
checkers/state.go:123.31,125.24 2 1
checkers/state.go:125.24,127.5 1 1
checkers/state.go:131.2,131.15 1 1
checkers/state.go:131.15,133.3 1 1
checkers/state.go:133.8,135.3 1 1
checkers/state.go:137.2,137.16 1 1
checkers/state.go:137.16,139.3 1 1
checkers/state.go:139.8,141.3 1 1
checkers/state.go:143.2,143.99 1 1
checkers/state.go:143.99,145.3 1 1
checkers/state.go:148.30,149.22 1 1
checkers/state.go:149.22,151.3 1 0
checkers/state.go:153.2,157.42 4 1
checkers/state.go:160.29,175.2 1 1
checkers/state.go:177.37,178.26 1 1
checkers/state.go:178.26,180.3 1 0
checkers/state.go:181.2,181.26 1 1
checkers/state.go:181.26,183.3 1 0
checkers/state.go:185.2,185.41 1 1
checkers/state.go:185.41,186.23 1 1
checkers/state.go:186.23,188.4 1 0
checkers/state.go:189.3,189.23 1 1
checkers/state.go:189.23,191.22 2 1
checkers/state.go:191.22,193.5 1 0
checkers/state.go:195.3,195.14 1 1
checkers/state.go:198.2,204.28 1 1
checkers/state.go:207.31,212.21 4 1
checkers/state.go:212.21,214.3 1 1
checkers/state.go:214.8,214.28 1 1
checkers/state.go:214.28,216.3 1 1
checkers/state.go:218.2,218.28 1 1
checkers/state.go:218.28,220.34 2 0
checkers/state.go:220.34,222.4 1 0
checkers/state.go:223.8,225.3 1 1
checkers/state.go:228.2,230.16 2 1
checkers/state.go:230.16,232.3 1 1
checkers/state.go:234.2,235.23 2 1
checkers/state.go:235.23,236.29 1 1
checkers/state.go:236.29,238.4 1 1
checkers/state.go:238.9,240.4 1 1
checkers/state.go:244.82,251.18 1 1
checkers/state.go:251.18,253.3 1 1
checkers/state.go:254.2,254.19 1 1
checkers/state.go:254.19,257.3 1 0
checkers/state.go:258.2,258.19 1 1
checkers/state.go:258.19,260.3 1 0
checkers/state.go:261.2,261.14 1 1
checkers/state.go:279.41,283.2 3 1
checkers/util.go:8.53,11.29 3 0
checkers/util.go:11.29,13.3 1 0
checkers/util.go:14.2,14.37 1 0
checkers/util.go:17.34,22.31 3 0
checkers/util.go:22.31,24.26 2 0
checkers/util.go:24.26,26.4 1 0
checkers/util.go:27.3,27.44 1 0
checkers/util.go:30.2,30.37 1 0
checkers/util.go:30.37,31.38 1 0
checkers/util.go:31.38,34.4 2 0
checkers/util.go:35.3,35.16 1 0
checkers/util.go:40.40,41.23 1 0
checkers/util.go:41.23,43.20 2 0
checkers/util.go:43.20,46.4 2 0
checkers/util.go:47.3,50.16 4 0
checkers/util.go:54.17,68.2 10 0
checkers/util.go:70.17,87.39 11 0
checkers/util.go:87.39,88.35 1 0
checkers/util.go:88.35,92.36 3 0
checkers/util.go:92.36,94.5 1 0
checkers/util.go:96.4,97.30 2 0
checkers/util.go:97.30,99.5 1 0
checkers/util.go:101.4,107.25 6 0
checkers/util.go:112.47,113.26 1 1
checkers/util.go:113.26,115.3 1 1
checkers/util.go:116.2,116.26 1 1
checkers/util.go:116.26,118.3 1 0
checkers/util.go:119.2,119.22 1 1
checkers/util.go:119.22,121.3 1 0
checkers/util.go:122.2,122.22 1 1
checkers/util.go:122.22,124.13 2 1
checkers/util.go:124.13,126.4 1 0
checkers/util.go:128.2,128.13 1 1
